2018-07-25 22:32:48.546 [Error] Message: Attempted to read or write protected memory. This is often an indication that other memory is corrupt.
2018-07-25 22:32:48.547 [Error] Stack Trace:    at Sdl.SDL_LoadBMP_RW(IntPtr src, Int32 freesrc)
   at Microsoft.Xna.Framework.SdlGameWindow..ctor(Game game)
   at Microsoft.Xna.Framework.SdlGamePlatform..ctor(Game game)
   at Microsoft.Xna.Framework.Game..ctor()
   at Intersect.Client.IntersectGame..ctor() in C:\Users\JC Snider\Desktop\AGD\Intersect-Engine\Intersect Client\IntersectGame.cs:line 31
2018-07-25 22:32:48.547 [Error] Time: 7/25/2018 10:32:48 PM

--------------------------------------------------------------------------------

2018-08-10 20:32:55.519 [Error] Message: Attempted to read or write protected memory. This is often an indication that other memory is corrupt.
2018-08-10 20:32:55.539 [Error] Stack Trace:    at Sdl.SDL_LoadBMP_RW(IntPtr src, Int32 freesrc)
   at Microsoft.Xna.Framework.SdlGameWindow..ctor(Game game)
   at Microsoft.Xna.Framework.SdlGamePlatform..ctor(Game game)
   at Microsoft.Xna.Framework.Game..ctor()
   at Intersect.Client.IntersectGame..ctor() in C:\Users\JC Snider\Desktop\AGD\Intersect-Engine\Intersect Client\IntersectGame.cs:line 31
2018-08-10 20:32:55.539 [Error] Time: 8/10/2018 8:32:55 PM

--------------------------------------------------------------------------------

2018-08-11 00:09:19.223 [Error] Message: Attempted to read or write protected memory. This is often an indication that other memory is corrupt.
2018-08-11 00:09:19.224 [Error] Stack Trace:    at Sdl.SDL_LoadBMP_RW(IntPtr src, Int32 freesrc)
   at Microsoft.Xna.Framework.SdlGameWindow..ctor(Game game)
   at Microsoft.Xna.Framework.SdlGamePlatform..ctor(Game game)
   at Microsoft.Xna.Framework.Game..ctor()
   at Intersect.Client.IntersectGame..ctor() in C:\Users\JC Snider\Desktop\AGD\Intersect-Engine\Intersect Client\IntersectGame.cs:line 31
2018-08-11 00:09:19.224 [Error] Time: 8/11/2018 12:09:19 AM

--------------------------------------------------------------------------------

