2018-07-21 22:52:29.023 [Info] Connecting to localhost:5400...
2018-07-21 22:52:30.789 [Info] Connection approved [00000000-0000-0000-0000-000000000000].
2018-07-21 22:52:30.804 [Debug] Connection established to remote [00000000-0000-0000-0000-000000000000/127.0.0.1:5400].
2018-07-21 22:52:30.804 [Info] Connected [00000000-0000-0000-0000-000000000000].
2018-07-21 23:31:12.993 [Debug] StatusChanged: [NetIncomingMessage #23 10 bytes] [Disconnecting]
2018-07-21 23:31:13.000 [Debug] StatusChanged: [NetIncomingMessage #24 10 bytes] [Disconnected]
2018-07-21 23:31:13.000 [Debug] Connectioned terminated to remote [00000000-0000-0000-0000-000000000000/127.0.0.1:5400].
2018-07-21 23:31:13.000 [Info] Disconnected [00000000-0000-0000-0000-000000000000].
2018-07-21 23:31:13.323 [Error] Message: Invoke or BeginInvoke cannot be called on a control until the window handle has been created.
2018-07-21 23:31:13.505 [Error] Stack Trace:    at System.Windows.Forms.Control.MarshaledInvoke(Control caller, Delegate method, Object[] args, Boolean synchronous)
   at System.Windows.Forms.Control.BeginInvoke(Delegate method, Object[] args)
   at System.Windows.Forms.Control.BeginInvoke(Delegate method)
   at Intersect.Editor.Classes.EditorLoop.UpdateMaps() in C:\Users\JC Snider\Desktop\AGD\Intersect-Engine\Intersect Editor\Classes\Core\EditorLoop.cs:line 141
   at System.Threading.ThreadHelper.ThreadStart_Context(Object state)
   at System.Threading.ExecutionContext.RunInternal(ExecutionContext executionContext, ContextCallback callback, Object state, Boolean preserveSyncCtx)
   at System.Threading.ExecutionContext.Run(ExecutionContext executionContext, ContextCallback callback, Object state, Boolean preserveSyncCtx)
   at System.Threading.ExecutionContext.Run(ExecutionContext executionContext, ContextCallback callback, Object state)
   at System.Threading.ThreadHelper.ThreadStart()
2018-07-21 23:31:13.505 [Error] Time: 7/21/2018 11:31:13 PM

--------------------------------------------------------------------------------

