2018-07-22 22:34:54.477 [Info] Connecting to localhost:5400...
2018-07-22 22:35:01.856 [Info] Connection approved [00000000-0000-0000-0000-000000000000].
2018-07-22 22:35:01.887 [Debug] Connection established to remote [00000000-0000-0000-0000-000000000000/127.0.0.1:5400].
2018-07-22 22:35:01.887 [Info] Connected [00000000-0000-0000-0000-000000000000].
2018-07-22 23:29:08.692 [Debug] StatusChanged: [NetIncomingMessage #114 10 bytes] [Disconnecting]
2018-07-22 23:29:08.696 [Debug] StatusChanged: [NetIncomingMessage #113 10 bytes] [Disconnected]
2018-07-22 23:29:08.711 [Debug] Connectioned terminated to remote [00000000-0000-0000-0000-000000000000/127.0.0.1:5400].
2018-07-22 23:29:08.711 [Info] Disconnected [00000000-0000-0000-0000-000000000000].
2018-07-22 23:29:08.973 [Error] Message: Invoke or BeginInvoke cannot be called on a control until the window handle has been created.
2018-07-22 23:29:09.218 [Error] Stack Trace:    at System.Windows.Forms.Control.MarshaledInvoke(Control caller, Delegate method, Object[] args, Boolean synchronous)
   at System.Windows.Forms.Control.BeginInvoke(Delegate method, Object[] args)
   at System.Windows.Forms.Control.BeginInvoke(Delegate method)
   at Intersect.Editor.Classes.EditorLoop.UpdateMaps() in C:\Users\JC Snider\Desktop\AGD\Intersect-Engine\Intersect Editor\Classes\Core\EditorLoop.cs:line 141
   at System.Threading.ThreadHelper.ThreadStart_Context(Object state)
   at System.Threading.ExecutionContext.RunInternal(ExecutionContext executionContext, ContextCallback callback, Object state, Boolean preserveSyncCtx)
   at System.Threading.ExecutionContext.Run(ExecutionContext executionContext, ContextCallback callback, Object state, Boolean preserveSyncCtx)
   at System.Threading.ExecutionContext.Run(ExecutionContext executionContext, ContextCallback callback, Object state)
   at System.Threading.ThreadHelper.ThreadStart()
2018-07-22 23:29:09.223 [Error] Time: 7/22/2018 11:29:09 PM

--------------------------------------------------------------------------------

